# JRE version: OpenJDK Runtime Environment Corretto-11.0.10.9.1 (11.0.10+9) (build 11.0.10+9-LTS)
# Java VM: OpenJDK 64-Bit Server VM Corretto-11.0.10.9.1 (11.0.10+9-LTS, mixed mode, tiered, compressed oops, parallel gc, windows-amd64)
Heap:
 PSYoungGen      total 57344K, used 26262K [0x00000000eab00000, 0x00000000f2580000, 0x0000000100000000)
  eden space 35328K, 12% used [0x00000000eab00000,0x00000000eaf2dae8,0x00000000ecd80000)
  from space 22016K, 99% used [0x00000000ece00000,0x00000000ee3780a0,0x00000000ee380000)
  to   space 45056K, 0% used [0x00000000ef980000,0x00000000ef980000,0x00000000f2580000)
 ParOldGen       total 373248K, used 343631K [0x00000000c0000000, 0x00000000d6c80000, 0x00000000eab00000)
  object space 373248K, 92% used [0x00000000c0000000,0x00000000d4f93f08,0x00000000d6c80000)
 Metaspace       used 62810K, capacity 66229K, committed 66520K, reserved 1107968K
  class space    used 6133K, capacity 7329K, committed 7384K, reserved 1048576K
GC Heap History (20 events):
Event: 26.849 GC heap before
{Heap before GC invocations=116 (full 7):
 PSYoungGen      total 39936K, used 34945K [0x00000000eab00000, 0x00000000edd80000, 0x0000000100000000)
  eden space 25088K, 100% used [0x00000000eab00000,0x00000000ec380000,0x00000000ec380000)
  from space 14848K, 66% used [0x00000000ec380000,0x00000000ecd20778,0x00000000ed200000)
  to   space 11776K, 0% used [0x00000000ed200000,0x00000000ed200000,0x00000000edd80000)
 ParOldGen       total 305152K, used 275925K [0x00000000c0000000, 0x00000000d2a00000, 0x00000000eab00000)
  object space 305152K, 90% used [0x00000000c0000000,0x00000000d0d75518,0x00000000d2a00000)
 Metaspace       used 61158K, capacity 64178K, committed 64216K, reserved 1105920K
  class space    used 5967K, capacity 7097K, committed 7128K, reserved 1048576K
}
Event: 26.866 GC heap after
{Heap after GC invocations=116 (full 7):
 PSYoungGen      total 39424K, used 10848K [0x00000000eab00000, 0x00000000edd00000, 0x0000000100000000)
  eden space 28160K, 0% used [0x00000000eab00000,0x00000000eab00000,0x00000000ec680000)
  from space 11264K, 96% used [0x00000000ed200000,0x00000000edc98000,0x00000000edd00000)
  to   space 11264K, 0% used [0x00000000ec700000,0x00000000ec700000,0x00000000ed200000)
 ParOldGen       total 305152K, used 280272K [0x00000000c0000000, 0x00000000d2a00000, 0x00000000eab00000)
  object space 305152K, 91% used [0x00000000c0000000,0x00000000d11b4110,0x00000000d2a00000)
 Metaspace       used 61158K, capacity 64178K, committed 64216K, reserved 1105920K
  class space    used 5967K, capacity 7097K, committed 7128K, reserved 1048576K
}
Event: 26.965 GC heap before
{Heap before GC invocations=117 (full 7):
 PSYoungGen      total 39424K, used 39008K [0x00000000eab00000, 0x00000000edd00000, 0x0000000100000000)
  eden space 28160K, 100% used [0x00000000eab00000,0x00000000ec680000,0x00000000ec680000)
  from space 11264K, 96% used [0x00000000ed200000,0x00000000edc98000,0x00000000edd00000)
  to   space 11264K, 0% used [0x00000000ec700000,0x00000000ec700000,0x00000000ed200000)
 ParOldGen       total 305152K, used 280272K [0x00000000c0000000, 0x00000000d2a00000, 0x00000000eab00000)
  object space 305152K, 91% used [0x00000000c0000000,0x00000000d11b4110,0x00000000d2a00000)
 Metaspace       used 61161K, capacity 64178K, committed 64216K, reserved 1105920K
  class space    used 5967K, capacity 7097K, committed 7128K, reserved 1048576K
}
Event: 26.985 GC heap after
{Heap after GC invocations=117 (full 7):
 PSYoungGen      total 39936K, used 6943K [0x00000000eab00000, 0x00000000eda80000, 0x0000000100000000)
  eden space 28672K, 0% used [0x00000000eab00000,0x00000000eab00000,0x00000000ec700000)
  from space 11264K, 61% used [0x00000000ec700000,0x00000000ecdc7f38,0x00000000ed200000)
  to   space 8704K, 0% used [0x00000000ed200000,0x00000000ed200000,0x00000000eda80000)
 ParOldGen       total 305152K, used 290676K [0x00000000c0000000, 0x00000000d2a00000, 0x00000000eab00000)
  object space 305152K, 95% used [0x00000000c0000000,0x00000000d1bdd298,0x00000000d2a00000)
 Metaspace       used 61161K, capacity 64178K, committed 64216K, reserved 1105920K
  class space    used 5967K, capacity 7097K, committed 7128K, reserved 1048576K
}
Event: 27.083 GC heap before
{Heap before GC invocations=118 (full 7):
 PSYoungGen      total 39936K, used 35615K [0x00000000eab00000, 0x00000000eda80000, 0x0000000100000000)
  eden space 28672K, 100% used [0x00000000eab00000,0x00000000ec700000,0x00000000ec700000)
  from space 11264K, 61% used [0x00000000ec700000,0x00000000ecdc7f38,0x00000000ed200000)
  to   space 8704K, 0% used [0x00000000ed200000,0x00000000ed200000,0x00000000eda80000)
 ParOldGen       total 305152K, used 290676K [0x00000000c0000000, 0x00000000d2a00000, 0x00000000eab00000)
  object space 305152K, 95% used [0x00000000c0000000,0x00000000d1bdd298,0x00000000d2a00000)
 Metaspace       used 61161K, capacity 64178K, committed 64216K, reserved 1105920K
  class space    used 5967K, capacity 7097K, committed 7128K, reserved 1048576K
}
Event: 27.098 GC heap after
{Heap after GC invocations=118 (full 7):
 PSYoungGen      total 39936K, used 7102K [0x00000000eab00000, 0x00000000ed980000, 0x0000000100000000)
  eden space 32256K, 0% used [0x00000000eab00000,0x00000000eab00000,0x00000000eca80000)
  from space 7680K, 92% used [0x00000000ed200000,0x00000000ed8efa60,0x00000000ed980000)
  to   space 7680K, 0% used [0x00000000eca80000,0x00000000eca80000,0x00000000ed200000)
 ParOldGen       total 305152K, used 297446K [0x00000000c0000000, 0x00000000d2a00000, 0x00000000eab00000)
  object space 305152K, 97% used [0x00000000c0000000,0x00000000d22799e8,0x00000000d2a00000)
 Metaspace       used 61161K, capacity 64178K, committed 64216K, reserved 1105920K
  class space    used 5967K, capacity 7097K, committed 7128K, reserved 1048576K
}
Event: 27.098 GC heap before
{Heap before GC invocations=119 (full 8):
 PSYoungGen      total 39936K, used 7102K [0x00000000eab00000, 0x00000000ed980000, 0x0000000100000000)
  eden space 32256K, 0% used [0x00000000eab00000,0x00000000eab00000,0x00000000eca80000)
  from space 7680K, 92% used [0x00000000ed200000,0x00000000ed8efa60,0x00000000ed980000)
  to   space 7680K, 0% used [0x00000000eca80000,0x00000000eca80000,0x00000000ed200000)
 ParOldGen       total 305152K, used 297446K [0x00000000c0000000, 0x00000000d2a00000, 0x00000000eab00000)
  object space 305152K, 97% used [0x00000000c0000000,0x00000000d22799e8,0x00000000d2a00000)
 Metaspace       used 61161K, capacity 64178K, committed 64216K, reserved 1105920K
  class space    used 5967K, capacity 7097K, committed 7128K, reserved 1048576K
}
Event: 27.457 GC heap after
{Heap after GC invocations=119 (full 8):
 PSYoungGen      total 39936K, used 0K [0x00000000eab00000, 0x00000000edd80000, 0x0000000100000000)
  eden space 32256K, 0% used [0x00000000eab00000,0x00000000eab00000,0x00000000eca80000)
  from space 7680K, 0% used [0x00000000eca80000,0x00000000eca80000,0x00000000ed200000)
  to   space 7680K, 0% used [0x00000000ed600000,0x00000000ed600000,0x00000000edd80000)
 ParOldGen       total 373248K, used 286903K [0x00000000c0000000, 0x00000000d6c80000, 0x00000000eab00000)
  object space 373248K, 76% used [0x00000000c0000000,0x00000000d182ded0,0x00000000d6c80000)
 Metaspace       used 61161K, capacity 64178K, committed 64216K, reserved 1105920K
  class space    used 5967K, capacity 7097K, committed 7128K, reserved 1048576K
}
Event: 27.586 GC heap before
{Heap before GC invocations=120 (full 8):
 PSYoungGen      total 39936K, used 32256K [0x00000000eab00000, 0x00000000edd80000, 0x0000000100000000)
  eden space 32256K, 100% used [0x00000000eab00000,0x00000000eca80000,0x00000000eca80000)
  from space 7680K, 0% used [0x00000000eca80000,0x00000000eca80000,0x00000000ed200000)
  to   space 7680K, 0% used [0x00000000ed600000,0x00000000ed600000,0x00000000edd80000)
 ParOldGen       total 373248K, used 286903K [0x00000000c0000000, 0x00000000d6c80000, 0x00000000eab00000)
  object space 373248K, 76% used [0x00000000c0000000,0x00000000d182ded0,0x00000000d6c80000)
 Metaspace       used 61161K, capacity 64178K, committed 64216K, reserved 1105920K
  class space    used 5967K, capacity 7097K, committed 7128K, reserved 1048576K
}
Event: 27.597 GC heap after
{Heap after GC invocations=120 (full 8):
 PSYoungGen      total 41472K, used 7671K [0x00000000eab00000, 0x00000000ee200000, 0x0000000100000000)
  eden space 33792K, 0% used [0x00000000eab00000,0x00000000eab00000,0x00000000ecc00000)
  from space 7680K, 99% used [0x00000000ed600000,0x00000000edd7dd00,0x00000000edd80000)
  to   space 10240K, 0% used [0x00000000ecc00000,0x00000000ecc00000,0x00000000ed600000)
 ParOldGen       total 373248K, used 288872K [0x00000000c0000000, 0x00000000d6c80000, 0x00000000eab00000)
  object space 373248K, 77% used [0x00000000c0000000,0x00000000d1a1a390,0x00000000d6c80000)
 Metaspace       used 61161K, capacity 64178K, committed 64216K, reserved 1105920K
  class space    used 5967K, capacity 7097K, committed 7128K, reserved 1048576K
}
Event: 28.478 GC heap before
{Heap before GC invocations=121 (full 8):
 PSYoungGen      total 41472K, used 41463K [0x00000000eab00000, 0x00000000ee200000, 0x0000000100000000)
  eden space 33792K, 100% used [0x00000000eab00000,0x00000000ecc00000,0x00000000ecc00000)
  from space 7680K, 99% used [0x00000000ed600000,0x00000000edd7dd00,0x00000000edd80000)
  to   space 10240K, 0% used [0x00000000ecc00000,0x00000000ecc00000,0x00000000ed600000)
 ParOldGen       total 373248K, used 288872K [0x00000000c0000000, 0x00000000d6c80000, 0x00000000eab00000)
  object space 373248K, 77% used [0x00000000c0000000,0x00000000d1a1a390,0x00000000d6c80000)
 Metaspace       used 61161K, capacity 64178K, committed 64216K, reserved 1105920K
  class space    used 5967K, capacity 7097K, committed 7128K, reserved 1048576K
}
Event: 28.488 GC heap after
{Heap after GC invocations=121 (full 8):
 PSYoungGen      total 44032K, used 10211K [0x00000000eab00000, 0x00000000ef800000, 0x0000000100000000)
  eden space 33792K, 0% used [0x00000000eab00000,0x00000000eab00000,0x00000000ecc00000)
  from space 10240K, 99% used [0x00000000ecc00000,0x00000000ed5f8d40,0x00000000ed600000)
  to   space 20992K, 0% used [0x00000000ee380000,0x00000000ee380000,0x00000000ef800000)
 ParOldGen       total 373248K, used 297473K [0x00000000c0000000, 0x00000000d6c80000, 0x00000000eab00000)
  object space 373248K, 79% used [0x00000000c0000000,0x00000000d22804f8,0x00000000d6c80000)
 Metaspace       used 61161K, capacity 64178K, committed 64216K, reserved 1105920K
  class space    used 5967K, capacity 7097K, committed 7128K, reserved 1048576K
}
Event: 28.741 GC heap before
{Heap before GC invocations=122 (full 8):
 PSYoungGen      total 44032K, used 44003K [0x00000000eab00000, 0x00000000ef800000, 0x0000000100000000)
  eden space 33792K, 100% used [0x00000000eab00000,0x00000000ecc00000,0x00000000ecc00000)
  from space 10240K, 99% used [0x00000000ecc00000,0x00000000ed5f8d40,0x00000000ed600000)
  to   space 20992K, 0% used [0x00000000ee380000,0x00000000ee380000,0x00000000ef800000)
 ParOldGen       total 373248K, used 297473K [0x00000000c0000000, 0x00000000d6c80000, 0x00000000eab00000)
  object space 373248K, 79% used [0x00000000c0000000,0x00000000d22804f8,0x00000000d6c80000)
 Metaspace       used 61183K, capacity 64178K, committed 64216K, reserved 1105920K
  class space    used 5968K, capacity 7097K, committed 7128K, reserved 1048576K
}
Event: 28.755 GC heap after
{Heap after GC invocations=122 (full 8):
 PSYoungGen      total 42496K, used 5420K [0x00000000eab00000, 0x00000000ee900000, 0x0000000100000000)
  eden space 36864K, 0% used [0x00000000eab00000,0x00000000eab00000,0x00000000ecf00000)
  from space 5632K, 96% used [0x00000000ee380000,0x00000000ee8cb028,0x00000000ee900000)
  to   space 10752K, 0% used [0x00000000ed400000,0x00000000ed400000,0x00000000ede80000)
 ParOldGen       total 373248K, used 307607K [0x00000000c0000000, 0x00000000d6c80000, 0x00000000eab00000)
  object space 373248K, 82% used [0x00000000c0000000,0x00000000d2c65de0,0x00000000d6c80000)
 Metaspace       used 61183K, capacity 64178K, committed 64216K, reserved 1105920K
  class space    used 5968K, capacity 7097K, committed 7128K, reserved 1048576K
}
Event: 29.136 GC heap before
{Heap before GC invocations=123 (full 8):
 PSYoungGen      total 42496K, used 42284K [0x00000000eab00000, 0x00000000ee900000, 0x0000000100000000)
  eden space 36864K, 100% used [0x00000000eab00000,0x00000000ecf00000,0x00000000ecf00000)
  from space 5632K, 96% used [0x00000000ee380000,0x00000000ee8cb028,0x00000000ee900000)
  to   space 10752K, 0% used [0x00000000ed400000,0x00000000ed400000,0x00000000ede80000)
 ParOldGen       total 373248K, used 307607K [0x00000000c0000000, 0x00000000d6c80000, 0x00000000eab00000)
  object space 373248K, 82% used [0x00000000c0000000,0x00000000d2c65de0,0x00000000d6c80000)
 Metaspace       used 61259K, capacity 64305K, committed 64600K, reserved 1105920K
  class space    used 5979K, capacity 7141K, committed 7256K, reserved 1048576K
}
Event: 29.158 GC heap after
{Heap after GC invocations=123 (full 8):
 PSYoungGen      total 47104K, used 10747K [0x00000000eab00000, 0x00000000ef980000, 0x0000000100000000)
  eden space 36352K, 0% used [0x00000000eab00000,0x00000000eab00000,0x00000000ece80000)
  from space 10752K, 99% used [0x00000000ed400000,0x00000000ede7efa0,0x00000000ede80000)
  to   space 22016K, 0% used [0x00000000ee400000,0x00000000ee400000,0x00000000ef980000)
 ParOldGen       total 373248K, used 316210K [0x00000000c0000000, 0x00000000d6c80000, 0x00000000eab00000)
  object space 373248K, 84% used [0x00000000c0000000,0x00000000d34ccb10,0x00000000d6c80000)
 Metaspace       used 61259K, capacity 64305K, committed 64600K, reserved 1105920K
  class space    used 5979K, capacity 7141K, committed 7256K, reserved 1048576K
}
Event: 29.700 GC heap before
{Heap before GC invocations=124 (full 8):
 PSYoungGen      total 47104K, used 46330K [0x00000000eab00000, 0x00000000ef980000, 0x0000000100000000)
  eden space 36352K, 97% used [0x00000000eab00000,0x00000000ecdbfb08,0x00000000ece80000)
  from space 10752K, 99% used [0x00000000ed400000,0x00000000ede7efa0,0x00000000ede80000)
  to   space 22016K, 0% used [0x00000000ee400000,0x00000000ee400000,0x00000000ef980000)
 ParOldGen       total 373248K, used 316210K [0x00000000c0000000, 0x00000000d6c80000, 0x00000000eab00000)
  object space 373248K, 84% used [0x00000000c0000000,0x00000000d34ccb10,0x00000000d6c80000)
 Metaspace       used 62665K, capacity 65971K, committed 66264K, reserved 1107968K
  class space    used 6126K, capacity 7327K, committed 7384K, reserved 1048576K
}
Event: 29.739 GC heap after
{Heap after GC invocations=124 (full 8):
 PSYoungGen      total 57344K, used 20768K [0x00000000eab00000, 0x00000000ef900000, 0x0000000100000000)
  eden space 35840K, 0% used [0x00000000eab00000,0x00000000eab00000,0x00000000ece00000)
  from space 21504K, 96% used [0x00000000ee400000,0x00000000ef848350,0x00000000ef900000)
  to   space 22016K, 0% used [0x00000000ece00000,0x00000000ece00000,0x00000000ee380000)
 ParOldGen       total 373248K, used 324608K [0x00000000c0000000, 0x00000000d6c80000, 0x00000000eab00000)
  object space 373248K, 86% used [0x00000000c0000000,0x00000000d3d00330,0x00000000d6c80000)
 Metaspace       used 62665K, capacity 65971K, committed 66264K, reserved 1107968K
  class space    used 6126K, capacity 7327K, committed 7384K, reserved 1048576K
}
Event: 31.579 GC heap before
{Heap before GC invocations=125 (full 8):
 PSYoungGen      total 57344K, used 56608K [0x00000000eab00000, 0x00000000ef900000, 0x0000000100000000)
  eden space 35840K, 100% used [0x00000000eab00000,0x00000000ece00000,0x00000000ece00000)
  from space 21504K, 96% used [0x00000000ee400000,0x00000000ef848350,0x00000000ef900000)
  to   space 22016K, 0% used [0x00000000ece00000,0x00000000ece00000,0x00000000ee380000)
 ParOldGen       total 373248K, used 324608K [0x00000000c0000000, 0x00000000d6c80000, 0x00000000eab00000)
  object space 373248K, 86% used [0x00000000c0000000,0x00000000d3d00330,0x00000000d6c80000)
 Metaspace       used 62708K, capacity 66037K, committed 66264K, reserved 1107968K
  class space    used 6127K, capacity 7329K, committed 7384K, reserved 1048576K
}
Event: 31.623 GC heap after
{Heap after GC invocations=125 (full 8):
 PSYoungGen      total 57344K, used 21984K [0x00000000eab00000, 0x00000000f2580000, 0x0000000100000000)
  eden space 35328K, 0% used [0x00000000eab00000,0x00000000eab00000,0x00000000ecd80000)
  from space 22016K, 99% used [0x00000000ece00000,0x00000000ee3780a0,0x00000000ee380000)
  to   space 45056K, 0% used [0x00000000ef980000,0x00000000ef980000,0x00000000f2580000)
 ParOldGen       total 373248K, used 343631K [0x00000000c0000000, 0x00000000d6c80000, 0x00000000eab00000)
  object space 373248K, 92% used [0x00000000c0000000,0x00000000d4f93f08,0x00000000d6c80000)
 Metaspace       used 62708K, capacity 66037K, committed 66264K, reserved 1107968K
  class space    used 6127K, capacity 7329K, committed 7384K, reserved 1048576K
}

