# JRE version: OpenJDK Runtime Environment Corretto-11.0.10.9.1 (11.0.10+9) (build 11.0.10+9-LTS)
# Java VM: OpenJDK 64-Bit Server VM Corretto-11.0.10.9.1 (11.0.10+9-LTS, mixed mode, tiered, compressed oops, parallel gc, windows-amd64)
Heap:
 PSYoungGen      total 27136K, used 14400K [0x00000000eab00000, 0x00000000ecc80000, 0x0000000100000000)
  eden space 20480K, 37% used [0x00000000eab00000,0x00000000eb290800,0x00000000ebf00000)
  from space 6656K, 99% used [0x00000000ebf00000,0x00000000ec57fa28,0x00000000ec580000)
  to   space 6144K, 0% used [0x00000000ec580000,0x00000000ec580000,0x00000000ecb80000)
 ParOldGen       total 310272K, used 245725K [0x00000000c0000000, 0x00000000d2f00000, 0x00000000eab00000)
  object space 310272K, 79% used [0x00000000c0000000,0x00000000ceff77d0,0x00000000d2f00000)
 Metaspace       used 64735K, capacity 67823K, committed 68184K, reserved 1110016K
  class space    used 6458K, capacity 7625K, committed 7768K, reserved 1048576K
GC Heap History (20 events):
Event: 50.916 GC heap after
{Heap after GC invocations=139 (full 7):
 PSYoungGen      total 17920K, used 4205K [0x00000000eab00000, 0x00000000ec300000, 0x0000000100000000)
  eden space 13312K, 0% used [0x00000000eab00000,0x00000000eab00000,0x00000000eb800000)
  from space 4608K, 91% used [0x00000000eb800000,0x00000000ebc1b568,0x00000000ebc80000)
  to   space 5120K, 0% used [0x00000000ebe00000,0x00000000ebe00000,0x00000000ec300000)
 ParOldGen       total 244736K, used 241299K [0x00000000c0000000, 0x00000000cef00000, 0x00000000eab00000)
  object space 244736K, 98% used [0x00000000c0000000,0x00000000ceba4c28,0x00000000cef00000)
 Metaspace       used 62161K, capacity 65136K, committed 65368K, reserved 1107968K
  class space    used 6247K, capacity 7368K, committed 7512K, reserved 1048576K
}
Event: 50.978 GC heap before
{Heap before GC invocations=140 (full 7):
 PSYoungGen      total 17920K, used 17517K [0x00000000eab00000, 0x00000000ec300000, 0x0000000100000000)
  eden space 13312K, 100% used [0x00000000eab00000,0x00000000eb800000,0x00000000eb800000)
  from space 4608K, 91% used [0x00000000eb800000,0x00000000ebc1b568,0x00000000ebc80000)
  to   space 5120K, 0% used [0x00000000ebe00000,0x00000000ebe00000,0x00000000ec300000)
 ParOldGen       total 244736K, used 241299K [0x00000000c0000000, 0x00000000cef00000, 0x00000000eab00000)
  object space 244736K, 98% used [0x00000000c0000000,0x00000000ceba4c28,0x00000000cef00000)
 Metaspace       used 62282K, capacity 65209K, committed 65368K, reserved 1107968K
  class space    used 6258K, capacity 7372K, committed 7512K, reserved 1048576K
}
Event: 50.986 GC heap after
{Heap after GC invocations=140 (full 7):
 PSYoungGen      total 19456K, used 4610K [0x00000000eab00000, 0x00000000ec300000, 0x0000000100000000)
  eden space 14336K, 0% used [0x00000000eab00000,0x00000000eab00000,0x00000000eb900000)
  from space 5120K, 90% used [0x00000000ebe00000,0x00000000ec280a40,0x00000000ec300000)
  to   space 5120K, 0% used [0x00000000eb900000,0x00000000eb900000,0x00000000ebe00000)
 ParOldGen       total 244736K, used 241307K [0x00000000c0000000, 0x00000000cef00000, 0x00000000eab00000)
  object space 244736K, 98% used [0x00000000c0000000,0x00000000ceba6c28,0x00000000cef00000)
 Metaspace       used 62282K, capacity 65209K, committed 65368K, reserved 1107968K
  class space    used 6258K, capacity 7372K, committed 7512K, reserved 1048576K
}
Event: 51.029 GC heap before
{Heap before GC invocations=141 (full 7):
 PSYoungGen      total 19456K, used 18946K [0x00000000eab00000, 0x00000000ec300000, 0x0000000100000000)
  eden space 14336K, 100% used [0x00000000eab00000,0x00000000eb900000,0x00000000eb900000)
  from space 5120K, 90% used [0x00000000ebe00000,0x00000000ec280a40,0x00000000ec300000)
  to   space 5120K, 0% used [0x00000000eb900000,0x00000000eb900000,0x00000000ebe00000)
 ParOldGen       total 244736K, used 241307K [0x00000000c0000000, 0x00000000cef00000, 0x00000000eab00000)
  object space 244736K, 98% used [0x00000000c0000000,0x00000000ceba6c28,0x00000000cef00000)
 Metaspace       used 62286K, capacity 65209K, committed 65368K, reserved 1107968K
  class space    used 6258K, capacity 7372K, committed 7512K, reserved 1048576K
}
Event: 51.039 GC heap after
{Heap after GC invocations=141 (full 7):
 PSYoungGen      total 19456K, used 5096K [0x00000000eab00000, 0x00000000ec580000, 0x0000000100000000)
  eden space 14336K, 0% used [0x00000000eab00000,0x00000000eab00000,0x00000000eb900000)
  from space 5120K, 99% used [0x00000000eb900000,0x00000000ebdfa0e8,0x00000000ebe00000)
  to   space 5632K, 0% used [0x00000000ec000000,0x00000000ec000000,0x00000000ec580000)
 ParOldGen       total 244736K, used 241523K [0x00000000c0000000, 0x00000000cef00000, 0x00000000eab00000)
  object space 244736K, 98% used [0x00000000c0000000,0x00000000cebdcc28,0x00000000cef00000)
 Metaspace       used 62286K, capacity 65209K, committed 65368K, reserved 1107968K
  class space    used 6258K, capacity 7372K, committed 7512K, reserved 1048576K
}
Event: 51.090 GC heap before
{Heap before GC invocations=142 (full 7):
 PSYoungGen      total 19456K, used 19432K [0x00000000eab00000, 0x00000000ec580000, 0x0000000100000000)
  eden space 14336K, 100% used [0x00000000eab00000,0x00000000eb900000,0x00000000eb900000)
  from space 5120K, 99% used [0x00000000eb900000,0x00000000ebdfa0e8,0x00000000ebe00000)
  to   space 5632K, 0% used [0x00000000ec000000,0x00000000ec000000,0x00000000ec580000)
 ParOldGen       total 244736K, used 241523K [0x00000000c0000000, 0x00000000cef00000, 0x00000000eab00000)
  object space 244736K, 98% used [0x00000000c0000000,0x00000000cebdcc28,0x00000000cef00000)
 Metaspace       used 62289K, capacity 65209K, committed 65368K, reserved 1107968K
  class space    used 6258K, capacity 7372K, committed 7512K, reserved 1048576K
}
Event: 51.099 GC heap after
{Heap after GC invocations=142 (full 7):
 PSYoungGen      total 18432K, used 2519K [0x00000000eab00000, 0x00000000ec280000, 0x0000000100000000)
  eden space 15872K, 0% used [0x00000000eab00000,0x00000000eab00000,0x00000000eba80000)
  from space 2560K, 98% used [0x00000000ec000000,0x00000000ec275c10,0x00000000ec280000)
  to   space 3584K, 0% used [0x00000000ebb80000,0x00000000ebb80000,0x00000000ebf00000)
 ParOldGen       total 244736K, used 244528K [0x00000000c0000000, 0x00000000cef00000, 0x00000000eab00000)
  object space 244736K, 99% used [0x00000000c0000000,0x00000000ceecc238,0x00000000cef00000)
 Metaspace       used 62289K, capacity 65209K, committed 65368K, reserved 1107968K
  class space    used 6258K, capacity 7372K, committed 7512K, reserved 1048576K
}
Event: 51.099 GC heap before
{Heap before GC invocations=143 (full 8):
 PSYoungGen      total 18432K, used 2519K [0x00000000eab00000, 0x00000000ec280000, 0x0000000100000000)
  eden space 15872K, 0% used [0x00000000eab00000,0x00000000eab00000,0x00000000eba80000)
  from space 2560K, 98% used [0x00000000ec000000,0x00000000ec275c10,0x00000000ec280000)
  to   space 3584K, 0% used [0x00000000ebb80000,0x00000000ebb80000,0x00000000ebf00000)
 ParOldGen       total 244736K, used 244528K [0x00000000c0000000, 0x00000000cef00000, 0x00000000eab00000)
  object space 244736K, 99% used [0x00000000c0000000,0x00000000ceecc238,0x00000000cef00000)
 Metaspace       used 62289K, capacity 65209K, committed 65368K, reserved 1107968K
  class space    used 6258K, capacity 7372K, committed 7512K, reserved 1048576K
}
Event: 53.183 GC heap after
{Heap after GC invocations=143 (full 8):
 PSYoungGen      total 20480K, used 0K [0x00000000eab00000, 0x00000000ec300000, 0x0000000100000000)
  eden space 16896K, 0% used [0x00000000eab00000,0x00000000eab00000,0x00000000ebb80000)
  from space 3584K, 0% used [0x00000000ebb80000,0x00000000ebb80000,0x00000000ebf00000)
  to   space 3584K, 0% used [0x00000000ebf80000,0x00000000ebf80000,0x00000000ec300000)
 ParOldGen       total 310272K, used 241044K [0x00000000c0000000, 0x00000000d2f00000, 0x00000000eab00000)
  object space 310272K, 77% used [0x00000000c0000000,0x00000000ceb651e0,0x00000000d2f00000)
 Metaspace       used 62289K, capacity 65209K, committed 65368K, reserved 1107968K
  class space    used 6258K, capacity 7372K, committed 7512K, reserved 1048576K
}
Event: 53.227 GC heap before
{Heap before GC invocations=144 (full 8):
 PSYoungGen      total 20480K, used 16896K [0x00000000eab00000, 0x00000000ec300000, 0x0000000100000000)
  eden space 16896K, 100% used [0x00000000eab00000,0x00000000ebb80000,0x00000000ebb80000)
  from space 3584K, 0% used [0x00000000ebb80000,0x00000000ebb80000,0x00000000ebf00000)
  to   space 3584K, 0% used [0x00000000ebf80000,0x00000000ebf80000,0x00000000ec300000)
 ParOldGen       total 310272K, used 241044K [0x00000000c0000000, 0x00000000d2f00000, 0x00000000eab00000)
  object space 310272K, 77% used [0x00000000c0000000,0x00000000ceb651e0,0x00000000d2f00000)
 Metaspace       used 62299K, capacity 65209K, committed 65368K, reserved 1107968K
  class space    used 6260K, capacity 7372K, committed 7512K, reserved 1048576K
}
Event: 53.233 GC heap after
{Heap after GC invocations=144 (full 8):
 PSYoungGen      total 19968K, used 1187K [0x00000000eab00000, 0x00000000ec100000, 0x0000000100000000)
  eden space 18432K, 0% used [0x00000000eab00000,0x00000000eab00000,0x00000000ebd00000)
  from space 1536K, 77% used [0x00000000ebf80000,0x00000000ec0a8d20,0x00000000ec100000)
  to   space 2048K, 0% used [0x00000000ebd00000,0x00000000ebd00000,0x00000000ebf00000)
 ParOldGen       total 310272K, used 241044K [0x00000000c0000000, 0x00000000d2f00000, 0x00000000eab00000)
  object space 310272K, 77% used [0x00000000c0000000,0x00000000ceb651e0,0x00000000d2f00000)
 Metaspace       used 62299K, capacity 65209K, committed 65368K, reserved 1107968K
  class space    used 6260K, capacity 7372K, committed 7512K, reserved 1048576K
}
Event: 53.383 GC heap before
{Heap before GC invocations=145 (full 8):
 PSYoungGen      total 19968K, used 19619K [0x00000000eab00000, 0x00000000ec100000, 0x0000000100000000)
  eden space 18432K, 100% used [0x00000000eab00000,0x00000000ebd00000,0x00000000ebd00000)
  from space 1536K, 77% used [0x00000000ebf80000,0x00000000ec0a8d20,0x00000000ec100000)
  to   space 2048K, 0% used [0x00000000ebd00000,0x00000000ebd00000,0x00000000ebf00000)
 ParOldGen       total 310272K, used 241044K [0x00000000c0000000, 0x00000000d2f00000, 0x00000000eab00000)
  object space 310272K, 77% used [0x00000000c0000000,0x00000000ceb651e0,0x00000000d2f00000)
 Metaspace       used 62676K, capacity 65605K, committed 65880K, reserved 1107968K
  class space    used 6283K, capacity 7376K, committed 7512K, reserved 1048576K
}
Event: 53.405 GC heap after
{Heap after GC invocations=145 (full 8):
 PSYoungGen      total 20480K, used 2043K [0x00000000eab00000, 0x00000000ec700000, 0x0000000100000000)
  eden space 18432K, 0% used [0x00000000eab00000,0x00000000eab00000,0x00000000ebd00000)
  from space 2048K, 99% used [0x00000000ebd00000,0x00000000ebefeca8,0x00000000ebf00000)
  to   space 4096K, 0% used [0x00000000ec300000,0x00000000ec300000,0x00000000ec700000)
 ParOldGen       total 310272K, used 242556K [0x00000000c0000000, 0x00000000d2f00000, 0x00000000eab00000)
  object space 310272K, 78% used [0x00000000c0000000,0x00000000cecdf098,0x00000000d2f00000)
 Metaspace       used 62676K, capacity 65605K, committed 65880K, reserved 1107968K
  class space    used 6283K, capacity 7376K, committed 7512K, reserved 1048576K
}
Event: 53.772 GC heap before
{Heap before GC invocations=146 (full 8):
 PSYoungGen      total 20480K, used 20475K [0x00000000eab00000, 0x00000000ec700000, 0x0000000100000000)
  eden space 18432K, 100% used [0x00000000eab00000,0x00000000ebd00000,0x00000000ebd00000)
  from space 2048K, 99% used [0x00000000ebd00000,0x00000000ebefeca8,0x00000000ebf00000)
  to   space 4096K, 0% used [0x00000000ec300000,0x00000000ec300000,0x00000000ec700000)
 ParOldGen       total 310272K, used 242556K [0x00000000c0000000, 0x00000000d2f00000, 0x00000000eab00000)
  object space 310272K, 78% used [0x00000000c0000000,0x00000000cecdf098,0x00000000d2f00000)
 Metaspace       used 64177K, capacity 67233K, committed 67416K, reserved 1110016K
  class space    used 6424K, capacity 7620K, committed 7768K, reserved 1048576K
}
Event: 53.779 GC heap after
{Heap after GC invocations=146 (full 8):
 PSYoungGen      total 23040K, used 4083K [0x00000000eab00000, 0x00000000ec980000, 0x0000000100000000)
  eden space 18944K, 0% used [0x00000000eab00000,0x00000000eab00000,0x00000000ebd80000)
  from space 4096K, 99% used [0x00000000ec300000,0x00000000ec6fcf08,0x00000000ec700000)
  to   space 5632K, 0% used [0x00000000ebd80000,0x00000000ebd80000,0x00000000ec300000)
 ParOldGen       total 310272K, used 243444K [0x00000000c0000000, 0x00000000d2f00000, 0x00000000eab00000)
  object space 310272K, 78% used [0x00000000c0000000,0x00000000cedbd1b0,0x00000000d2f00000)
 Metaspace       used 64177K, capacity 67233K, committed 67416K, reserved 1110016K
  class space    used 6424K, capacity 7620K, committed 7768K, reserved 1048576K
}
Event: 53.844 GC heap before
{Heap before GC invocations=147 (full 8):
 PSYoungGen      total 23040K, used 23027K [0x00000000eab00000, 0x00000000ec980000, 0x0000000100000000)
  eden space 18944K, 100% used [0x00000000eab00000,0x00000000ebd80000,0x00000000ebd80000)
  from space 4096K, 99% used [0x00000000ec300000,0x00000000ec6fcf08,0x00000000ec700000)
  to   space 5632K, 0% used [0x00000000ebd80000,0x00000000ebd80000,0x00000000ec300000)
 ParOldGen       total 310272K, used 243444K [0x00000000c0000000, 0x00000000d2f00000, 0x00000000eab00000)
  object space 310272K, 78% used [0x00000000c0000000,0x00000000cedbd1b0,0x00000000d2f00000)
 Metaspace       used 64395K, capacity 67489K, committed 67672K, reserved 1110016K
  class space    used 6432K, capacity 7620K, committed 7768K, reserved 1048576K
}
Event: 53.857 GC heap after
{Heap after GC invocations=147 (full 8):
 PSYoungGen      total 24576K, used 5602K [0x00000000eab00000, 0x00000000ecb80000, 0x0000000100000000)
  eden space 18944K, 0% used [0x00000000eab00000,0x00000000eab00000,0x00000000ebd80000)
  from space 5632K, 99% used [0x00000000ebd80000,0x00000000ec2f8be8,0x00000000ec300000)
  to   space 6144K, 0% used [0x00000000ec580000,0x00000000ec580000,0x00000000ecb80000)
 ParOldGen       total 310272K, used 243576K [0x00000000c0000000, 0x00000000d2f00000, 0x00000000eab00000)
  object space 310272K, 78% used [0x00000000c0000000,0x00000000cedde068,0x00000000d2f00000)
 Metaspace       used 64395K, capacity 67489K, committed 67672K, reserved 1110016K
  class space    used 6432K, capacity 7620K, committed 7768K, reserved 1048576K
}
Event: 54.016 GC heap before
{Heap before GC invocations=148 (full 8):
 PSYoungGen      total 24576K, used 24546K [0x00000000eab00000, 0x00000000ecb80000, 0x0000000100000000)
  eden space 18944K, 100% used [0x00000000eab00000,0x00000000ebd80000,0x00000000ebd80000)
  from space 5632K, 99% used [0x00000000ebd80000,0x00000000ec2f8be8,0x00000000ec300000)
  to   space 6144K, 0% used [0x00000000ec580000,0x00000000ec580000,0x00000000ecb80000)
 ParOldGen       total 310272K, used 243576K [0x00000000c0000000, 0x00000000d2f00000, 0x00000000eab00000)
  object space 310272K, 78% used [0x00000000c0000000,0x00000000cedde068,0x00000000d2f00000)
 Metaspace       used 64668K, capacity 67759K, committed 67928K, reserved 1110016K
  class space    used 6452K, capacity 7625K, committed 7768K, reserved 1048576K
}
Event: 54.045 GC heap after
{Heap after GC invocations=148 (full 8):
 PSYoungGen      total 26624K, used 6128K [0x00000000eab00000, 0x00000000ecc80000, 0x0000000100000000)
  eden space 20480K, 0% used [0x00000000eab00000,0x00000000eab00000,0x00000000ebf00000)
  from space 6144K, 99% used [0x00000000ec580000,0x00000000ecb7c1d8,0x00000000ecb80000)
  to   space 6656K, 0% used [0x00000000ebf00000,0x00000000ebf00000,0x00000000ec580000)
 ParOldGen       total 310272K, used 244047K [0x00000000c0000000, 0x00000000d2f00000, 0x00000000eab00000)
  object space 310272K, 78% used [0x00000000c0000000,0x00000000cee53c40,0x00000000d2f00000)
 Metaspace       used 64668K, capacity 67759K, committed 67928K, reserved 1110016K
  class space    used 6452K, capacity 7625K, committed 7768K, reserved 1048576K
}
Event: 54.159 GC heap before
{Heap before GC invocations=149 (full 8):
 PSYoungGen      total 26624K, used 26608K [0x00000000eab00000, 0x00000000ecc80000, 0x0000000100000000)
  eden space 20480K, 100% used [0x00000000eab00000,0x00000000ebf00000,0x00000000ebf00000)
  from space 6144K, 99% used [0x00000000ec580000,0x00000000ecb7c1d8,0x00000000ecb80000)
  to   space 6656K, 0% used [0x00000000ebf00000,0x00000000ebf00000,0x00000000ec580000)
 ParOldGen       total 310272K, used 244047K [0x00000000c0000000, 0x00000000d2f00000, 0x00000000eab00000)
  object space 310272K, 78% used [0x00000000c0000000,0x00000000cee53c40,0x00000000d2f00000)
 Metaspace       used 64689K, capacity 67759K, committed 67928K, reserved 1110016K
  class space    used 6454K, capacity 7625K, committed 7768K, reserved 1048576K
}

